27-Oct-19 20:54:28 - LOCATING OBJECT WITH 2 REFERENCE POINTS, INC: 0
27-Oct-19 20:54:28 - x: 0.0, y: 0.0, dis: 5.0
27-Oct-19 20:54:28 - x: 10.0, y: 0.0, dis: 5.0
28-Oct-19 07:40:02 - LOCATING OBJECT WITH 2 REFERENCE POINTS, INC: 0
28-Oct-19 07:40:02 - x: 0.0, y: 0.0, dis: 5.0
28-Oct-19 07:40:02 - x: 10.0, y: 0.0, dis: 5.0
28-Oct-19 07:41:02 - LOCATING OBJECT WITH 2 REFERENCE POINTS, INC: 0
28-Oct-19 07:41:02 - x: 0.0, y: 0.0, dis: 5.0
28-Oct-19 07:41:02 - x: 10.0, y: 0.0, dis: 5.0
28-Oct-19 07:42:02 - LOCATING OBJECT WITH 2 REFERENCE POINTS, INC: 0
28-Oct-19 07:42:02 - x: 0.0, y: 0.0, dis: 5.0
28-Oct-19 07:42:02 - x: 10.0, y: 0.0, dis: 5.0
28-Oct-19 07:43:59 - LOCATING OBJECT WITH 2 REFERENCE POINTS, INC: 0
28-Oct-19 07:43:59 - x: 0.0, y: 0.0, dis: 5.0
28-Oct-19 07:43:59 - x: 10.0, y: 0.0, dis: 5.0
30-Nov-19 17:57:25 - Starting location from: 
30-Nov-19 17:57:25 -  x: 0.0, y: 0.0, dis: 5.0 m , 
30-Nov-19 17:57:25 -  x: 10.0, y: 0.0, dis: 5.0 m , 
30-Nov-19 17:57:25 -  x: 5.0, y: 5.0, dis: 5.0 m , 
30-Nov-19 17:57:44 - Starting location from: 
30-Nov-19 17:57:44 -  x: 0.0, y: 0.0, dis: 5.0 m , 
30-Nov-19 17:57:44 -  x: 10.0, y: 0.0, dis: 5.0 m , 
30-Nov-19 17:57:44 -  x: 5.0, y: 5.0, dis: 5.0 m , 
30-Nov-19 17:59:28 - Starting location from: 
30-Nov-19 17:59:28 -  x: 0.0, y: 0.0, dis: 5.0 m , 
30-Nov-19 17:59:28 -  x: 10.0, y: 0.0, dis: 5.0 m , 
30-Nov-19 17:59:28 -  x: 5.0, y: 5.0, dis: 5.0 m , 
18-Dec-19 14:36:46 - GEOMETRIC - LOCATING OBJECT WITH 3 REFERENCE POINTS
18-Dec-19 14:36:46 - x: 0.0, y: 0.0, dis: 5.0
18-Dec-19 14:36:46 - x: 10.0, y: 0.0, dis: 5.0
18-Dec-19 14:36:46 - x: 5.0, y: 5.0, dis: 5.0
18-Dec-19 14:36:46 - GEOMETRIC: Location done, x: 5.0, y: 5.921189464667501e-16
18-Dec-19 14:38:38 - GEOMETRIC - LOCATING OBJECT WITH 3 REFERENCE POINTS
18-Dec-19 14:38:38 - x: 0.0, y: 0.0, dis: 5.0
18-Dec-19 14:38:38 - x: 10.0, y: 0.0, dis: 5.0
18-Dec-19 14:38:38 - x: 5.0, y: 5.0, dis: 5.0
18-Dec-19 14:38:38 - GEOMETRIC: Location done, x: 5.0, y: 5.921189464667501e-16
19-Dec-19 20:10:13 - SIMPLE - LOCATING OBJECT WITH 3 REFERENCE POINTS, INC: 0.1
19-Dec-19 20:10:13 - x: 0.0, y: 0.0, dis: 5.0
19-Dec-19 20:10:13 - x: 10.0, y: 0.0, dis: 5.0
19-Dec-19 20:10:13 - x: 5.0, y: 5.0, dis: 5.0
19-Dec-19 20:10:13 - SIMPLE - Location done, x: 5.000000000000004, y: 0.574341573009585
19-Dec-19 20:14:43 - SIMPLE - LOCATING OBJECT WITH 3 REFERENCE POINTS, INC: 0.1
19-Dec-19 20:14:43 - x: 0.0, y: 0.0, dis: 5.0
19-Dec-19 20:14:43 - x: 10.0, y: 0.0, dis: 5.0
19-Dec-19 20:14:43 - x: 5.0, y: 5.0, dis: 5.0
19-Dec-19 20:14:43 - SIMPLE - Location done, x: 5.000000000000004, y: 0.574341573009585
19-Dec-19 20:15:44 - GEOMETRIC - LOCATING OBJECT WITH 3 REFERENCE POINTS
19-Dec-19 20:15:44 - x: 0.0, y: 0.0, dis: 5.0
19-Dec-19 20:15:44 - x: 10.0, y: 0.0, dis: 5.0
19-Dec-19 20:15:44 - x: 5.0, y: 5.0, dis: 5.0
19-Dec-19 20:15:44 - GEOMETRIC: Location done, x: 5.0, y: 5.921189464667501e-16
22-Dec-19 20:12:10 - SIMPLE - LOCATING OBJECT WITH 3 REFERENCE POINTS, INC: 0.1
22-Dec-19 20:12:10 - x: 0.0, y: 0.0, dis: 5.0
22-Dec-19 20:12:10 - x: 10.0, y: 0.0, dis: 5.0
22-Dec-19 20:12:10 - x: 5.0, y: 5.0, dis: 5.0
22-Dec-19 20:12:10 - SIMPLE - Location done, x: 5.000000000000004, y: 0.574341573009585
22-Dec-19 20:12:56 - SIMPLE - LOCATING OBJECT WITH 3 REFERENCE POINTS, INC: 0.1
22-Dec-19 20:12:56 - x: 0.0, y: 0.0, dis: 5.0
22-Dec-19 20:12:56 - x: 10.0, y: 0.0, dis: 5.0
22-Dec-19 20:12:56 - x: 5.0, y: 5.0, dis: 5.0
22-Dec-19 20:12:56 - SIMPLE - Location done, x: 5.000000000000004, y: 0.574341573009585
